DFASP Training Log - 2025-05-08 08:23:23.175834
Parameters: lr=0.01, alg=gd+k+10, device_idx=0


==================================================
Processing n_100/p_0.1/instance_1.edgelist
==================================================

Summary for n_100/p_0.1/instance_1.edgelist:
Best TL: 116.0
Best run: 3
==================================================

==================================================
Processing n_100/p_0.1/instance_10.edgelist
==================================================

Summary for n_100/p_0.1/instance_10.edgelist:
Best TL: 97.0
Best run: 2
==================================================

==================================================
Processing n_100/p_0.1/instance_11.edgelist
==================================================

Summary for n_100/p_0.1/instance_11.edgelist:
Best TL: 111.0
Best run: 1
==================================================

==================================================
Processing n_100/p_0.1/instance_12.edgelist
==================================================

Summary for n_100/p_0.1/instance_12.edgelist:
Best TL: 102.0
Best run: 1
==================================================

==================================================
Processing n_100/p_0.1/instance_13.edgelist
==================================================

Summary for n_100/p_0.1/instance_13.edgelist:
Best TL: 105.0
Best run: 1
==================================================

==================================================
Processing n_100/p_0.1/instance_14.edgelist
==================================================

Summary for n_100/p_0.1/instance_14.edgelist:
Best TL: 113.0
Best run: 2
==================================================

==================================================
Processing n_100/p_0.1/instance_15.edgelist
==================================================

Summary for n_100/p_0.1/instance_15.edgelist:
Best TL: 93.0
Best run: 1
==================================================

==================================================
Processing n_100/p_0.1/instance_16.edgelist
==================================================

Summary for n_100/p_0.1/instance_16.edgelist:
Best TL: 118.0
Best run: 1
==================================================

==================================================
Processing n_100/p_0.1/instance_17.edgelist
==================================================

Summary for n_100/p_0.1/instance_17.edgelist:
Best TL: 102.0
Best run: 1
==================================================

==================================================
Processing n_100/p_0.1/instance_18.edgelist
==================================================

Summary for n_100/p_0.1/instance_18.edgelist:
Best TL: 106.0
Best run: 2
==================================================

==================================================
Processing n_100/p_0.1/instance_19.edgelist
==================================================

Summary for n_100/p_0.1/instance_19.edgelist:
Best TL: 100.0
Best run: 2
==================================================

==================================================
Processing n_100/p_0.1/instance_2.edgelist
==================================================

Summary for n_100/p_0.1/instance_2.edgelist:
Best TL: 98.0
Best run: 3
==================================================

==================================================
Processing n_100/p_0.1/instance_20.edgelist
==================================================

Summary for n_100/p_0.1/instance_20.edgelist:
Best TL: 97.0
Best run: 2
==================================================

==================================================
Processing n_100/p_0.1/instance_3.edgelist
==================================================

Summary for n_100/p_0.1/instance_3.edgelist:
Best TL: 118.0
Best run: 3
==================================================

==================================================
Processing n_100/p_0.1/instance_4.edgelist
==================================================

Summary for n_100/p_0.1/instance_4.edgelist:
Best TL: 101.0
Best run: 2
==================================================

==================================================
Processing n_100/p_0.1/instance_5.edgelist
==================================================

Summary for n_100/p_0.1/instance_5.edgelist:
Best TL: 116.0
Best run: 1
==================================================

==================================================
Processing n_100/p_0.1/instance_6.edgelist
==================================================

Summary for n_100/p_0.1/instance_6.edgelist:
Best TL: 114.0
Best run: 3
==================================================

==================================================
Processing n_100/p_0.1/instance_7.edgelist
==================================================

Summary for n_100/p_0.1/instance_7.edgelist:
Best TL: 129.0
Best run: 2
==================================================

==================================================
Processing n_100/p_0.1/instance_8.edgelist
==================================================

Summary for n_100/p_0.1/instance_8.edgelist:
Best TL: 123.0
Best run: 2
==================================================

==================================================
Processing n_100/p_0.1/instance_9.edgelist
==================================================

Summary for n_100/p_0.1/instance_9.edgelist:
Best TL: 111.0
Best run: 2
==================================================

==================================================
Processing n_100/p_0.5/instance_1.edgelist
==================================================

Summary for n_100/p_0.5/instance_1.edgelist:
Best TL: 897.0
Best run: 3
==================================================

==================================================
Processing n_100/p_0.5/instance_10.edgelist
==================================================

Summary for n_100/p_0.5/instance_10.edgelist:
Best TL: 847.0
Best run: 1
==================================================

==================================================
Processing n_100/p_0.5/instance_11.edgelist
==================================================

Summary for n_100/p_0.5/instance_11.edgelist:
Best TL: 913.0
Best run: 3
==================================================

==================================================
Processing n_100/p_0.5/instance_12.edgelist
==================================================

Summary for n_100/p_0.5/instance_12.edgelist:
Best TL: 898.0
Best run: 2
==================================================

==================================================
Processing n_100/p_0.5/instance_13.edgelist
==================================================

Summary for n_100/p_0.5/instance_13.edgelist:
Best TL: 858.0
Best run: 3
==================================================

==================================================
Processing n_100/p_0.5/instance_14.edgelist
==================================================

Summary for n_100/p_0.5/instance_14.edgelist:
Best TL: 921.0
Best run: 1
==================================================

==================================================
Processing n_100/p_0.5/instance_15.edgelist
==================================================

Summary for n_100/p_0.5/instance_15.edgelist:
Best TL: 919.0
Best run: 3
==================================================

==================================================
Processing n_100/p_0.5/instance_16.edgelist
==================================================

Summary for n_100/p_0.5/instance_16.edgelist:
Best TL: 870.0
Best run: 2
==================================================

==================================================
Processing n_100/p_0.5/instance_17.edgelist
==================================================

Summary for n_100/p_0.5/instance_17.edgelist:
Best TL: 884.0
Best run: 1
==================================================

==================================================
Processing n_100/p_0.5/instance_18.edgelist
==================================================

Summary for n_100/p_0.5/instance_18.edgelist:
Best TL: 868.0
Best run: 3
==================================================

==================================================
Processing n_100/p_0.5/instance_19.edgelist
==================================================

Summary for n_100/p_0.5/instance_19.edgelist:
Best TL: 898.0
Best run: 3
==================================================

==================================================
Processing n_100/p_0.5/instance_2.edgelist
==================================================

Summary for n_100/p_0.5/instance_2.edgelist:
Best TL: 864.0
Best run: 2
==================================================

==================================================
Processing n_100/p_0.5/instance_20.edgelist
==================================================

Summary for n_100/p_0.5/instance_20.edgelist:
Best TL: 901.0
Best run: 3
==================================================

==================================================
Processing n_100/p_0.5/instance_3.edgelist
==================================================

Summary for n_100/p_0.5/instance_3.edgelist:
Best TL: 905.0
Best run: 1
==================================================

==================================================
Processing n_100/p_0.5/instance_4.edgelist
==================================================

Summary for n_100/p_0.5/instance_4.edgelist:
Best TL: 919.0
Best run: 2
==================================================

==================================================
Processing n_100/p_0.5/instance_5.edgelist
==================================================

Summary for n_100/p_0.5/instance_5.edgelist:
Best TL: 896.0
Best run: 2
==================================================

==================================================
Processing n_100/p_0.5/instance_6.edgelist
==================================================

Summary for n_100/p_0.5/instance_6.edgelist:
Best TL: 904.0
Best run: 3
==================================================

==================================================
Processing n_100/p_0.5/instance_7.edgelist
==================================================

Summary for n_100/p_0.5/instance_7.edgelist:
Best TL: 867.0
Best run: 1
==================================================

==================================================
Processing n_100/p_0.5/instance_8.edgelist
==================================================

Summary for n_100/p_0.5/instance_8.edgelist:
Best TL: 917.0
Best run: 2
==================================================

==================================================
Processing n_100/p_0.5/instance_9.edgelist
==================================================

Summary for n_100/p_0.5/instance_9.edgelist:
Best TL: 884.0
Best run: 3
==================================================

==================================================
Processing n_100/p_0.9/instance_1.edgelist
==================================================

Summary for n_100/p_0.9/instance_1.edgelist:
Best TL: 1765.0
Best run: 3
==================================================

==================================================
Processing n_100/p_0.9/instance_10.edgelist
==================================================

Summary for n_100/p_0.9/instance_10.edgelist:
Best TL: 1758.0
Best run: 3
==================================================

==================================================
Processing n_100/p_0.9/instance_11.edgelist
==================================================

Summary for n_100/p_0.9/instance_11.edgelist:
Best TL: 1738.0
Best run: 1
==================================================

==================================================
Processing n_100/p_0.9/instance_12.edgelist
==================================================

Summary for n_100/p_0.9/instance_12.edgelist:
Best TL: 1745.0
Best run: 3
==================================================

==================================================
Processing n_100/p_0.9/instance_13.edgelist
==================================================

Summary for n_100/p_0.9/instance_13.edgelist:
Best TL: 1733.0
Best run: 1
==================================================

==================================================
Processing n_100/p_0.9/instance_14.edgelist
==================================================

Summary for n_100/p_0.9/instance_14.edgelist:
Best TL: 1750.0
Best run: 3
==================================================

==================================================
Processing n_100/p_0.9/instance_15.edgelist
==================================================

Summary for n_100/p_0.9/instance_15.edgelist:
Best TL: 1753.0
Best run: 3
==================================================

==================================================
Processing n_100/p_0.9/instance_16.edgelist
==================================================

Summary for n_100/p_0.9/instance_16.edgelist:
Best TL: 1734.0
Best run: 2
==================================================

==================================================
Processing n_100/p_0.9/instance_17.edgelist
==================================================

Summary for n_100/p_0.9/instance_17.edgelist:
Best TL: 1725.0
Best run: 2
==================================================

==================================================
Processing n_100/p_0.9/instance_18.edgelist
==================================================

Summary for n_100/p_0.9/instance_18.edgelist:
Best TL: 1747.0
Best run: 2
==================================================

==================================================
Processing n_100/p_0.9/instance_19.edgelist
==================================================

Summary for n_100/p_0.9/instance_19.edgelist:
Best TL: 1753.0
Best run: 3
==================================================

==================================================
Processing n_100/p_0.9/instance_2.edgelist
==================================================

Summary for n_100/p_0.9/instance_2.edgelist:
Best TL: 1734.0
Best run: 3
==================================================

==================================================
Processing n_100/p_0.9/instance_20.edgelist
==================================================

Summary for n_100/p_0.9/instance_20.edgelist:
Best TL: 1765.0
Best run: 1
==================================================

==================================================
Processing n_100/p_0.9/instance_3.edgelist
==================================================

Summary for n_100/p_0.9/instance_3.edgelist:
Best TL: 1791.0
Best run: 1
==================================================

==================================================
Processing n_100/p_0.9/instance_4.edgelist
==================================================

Summary for n_100/p_0.9/instance_4.edgelist:
Best TL: 1739.0
Best run: 1
==================================================

==================================================
Processing n_100/p_0.9/instance_5.edgelist
==================================================

Summary for n_100/p_0.9/instance_5.edgelist:
Best TL: 1759.0
Best run: 2
==================================================

==================================================
Processing n_100/p_0.9/instance_6.edgelist
==================================================

Summary for n_100/p_0.9/instance_6.edgelist:
Best TL: 1750.0
Best run: 1
==================================================

==================================================
Processing n_100/p_0.9/instance_7.edgelist
==================================================

Summary for n_100/p_0.9/instance_7.edgelist:
Best TL: 1730.0
Best run: 1
==================================================

==================================================
Processing n_100/p_0.9/instance_8.edgelist
==================================================

Summary for n_100/p_0.9/instance_8.edgelist:
Best TL: 1748.0
Best run: 1
==================================================

==================================================
Processing n_100/p_0.9/instance_9.edgelist
==================================================

Summary for n_100/p_0.9/instance_9.edgelist:
Best TL: 1754.0
Best run: 3
==================================================

==================================================
Processing n_20/p_0.1/instance_1.edgelist
==================================================

Summary for n_20/p_0.1/instance_1.edgelist:
Best TL: 0.0
Best run: 1
==================================================

==================================================
Processing n_20/p_0.1/instance_10.edgelist
==================================================

Summary for n_20/p_0.1/instance_10.edgelist:
Best TL: 1.0
Best run: 3
==================================================

==================================================
Processing n_20/p_0.1/instance_11.edgelist
==================================================

Summary for n_20/p_0.1/instance_11.edgelist:
Best TL: 1.0
Best run: 1
==================================================

==================================================
Processing n_20/p_0.1/instance_12.edgelist
==================================================

Summary for n_20/p_0.1/instance_12.edgelist:
Best TL: 0.0
Best run: 1
==================================================

==================================================
Processing n_20/p_0.1/instance_13.edgelist
==================================================

Summary for n_20/p_0.1/instance_13.edgelist:
Best TL: 0.0
Best run: 1
==================================================

==================================================
Processing n_20/p_0.1/instance_14.edgelist
==================================================

Summary for n_20/p_0.1/instance_14.edgelist:
Best TL: 0.0
Best run: 1
==================================================

==================================================
Processing n_20/p_0.1/instance_15.edgelist
==================================================

Summary for n_20/p_0.1/instance_15.edgelist:
Best TL: 0.0
Best run: 1
==================================================

==================================================
Processing n_20/p_0.1/instance_16.edgelist
==================================================

Summary for n_20/p_0.1/instance_16.edgelist:
Best TL: 1.0
Best run: 1
==================================================

==================================================
Processing n_20/p_0.1/instance_17.edgelist
==================================================

Summary for n_20/p_0.1/instance_17.edgelist:
Best TL: 0.0
Best run: 1
==================================================

==================================================
Processing n_20/p_0.1/instance_18.edgelist
==================================================

Summary for n_20/p_0.1/instance_18.edgelist:
Best TL: 0.0
Best run: 1
==================================================

==================================================
Processing n_20/p_0.1/instance_19.edgelist
==================================================

Summary for n_20/p_0.1/instance_19.edgelist:
Best TL: 0.0
Best run: 1
==================================================

==================================================
Processing n_20/p_0.1/instance_2.edgelist
==================================================

Summary for n_20/p_0.1/instance_2.edgelist:
Best TL: 0.0
Best run: 1
==================================================

==================================================
Processing n_20/p_0.1/instance_20.edgelist
==================================================

Summary for n_20/p_0.1/instance_20.edgelist:
Best TL: 1.0
Best run: 1
==================================================

==================================================
Processing n_20/p_0.1/instance_3.edgelist
==================================================

Summary for n_20/p_0.1/instance_3.edgelist:
Best TL: 0.0
Best run: 1
==================================================

==================================================
Processing n_20/p_0.1/instance_4.edgelist
==================================================

Summary for n_20/p_0.1/instance_4.edgelist:
Best TL: 2.0
Best run: 1
==================================================

==================================================
Processing n_20/p_0.1/instance_5.edgelist
==================================================

Summary for n_20/p_0.1/instance_5.edgelist:
Best TL: 1.0
Best run: 2
==================================================

==================================================
Processing n_20/p_0.1/instance_6.edgelist
==================================================

Summary for n_20/p_0.1/instance_6.edgelist:
Best TL: 1.0
Best run: 2
==================================================

==================================================
Processing n_20/p_0.1/instance_7.edgelist
==================================================

Summary for n_20/p_0.1/instance_7.edgelist:
Best TL: 0.0
Best run: 1
==================================================

==================================================
Processing n_20/p_0.1/instance_8.edgelist
==================================================

Summary for n_20/p_0.1/instance_8.edgelist:
Best TL: 0.0
Best run: 1
==================================================

==================================================
Processing n_20/p_0.1/instance_9.edgelist
==================================================

Summary for n_20/p_0.1/instance_9.edgelist:
Best TL: 1.0
Best run: 1
==================================================

==================================================
Processing n_20/p_0.5/instance_1.edgelist
==================================================

Summary for n_20/p_0.5/instance_1.edgelist:
Best TL: 18.0
Best run: 1
==================================================

==================================================
Processing n_20/p_0.5/instance_10.edgelist
==================================================

Summary for n_20/p_0.5/instance_10.edgelist:
Best TL: 15.0
Best run: 1
==================================================

==================================================
Processing n_20/p_0.5/instance_11.edgelist
==================================================

Summary for n_20/p_0.5/instance_11.edgelist:
Best TL: 24.0
Best run: 2
==================================================

==================================================
Processing n_20/p_0.5/instance_12.edgelist
==================================================

Summary for n_20/p_0.5/instance_12.edgelist:
Best TL: 17.0
Best run: 3
==================================================

==================================================
Processing n_20/p_0.5/instance_13.edgelist
==================================================

Summary for n_20/p_0.5/instance_13.edgelist:
Best TL: 17.0
Best run: 1
==================================================

==================================================
Processing n_20/p_0.5/instance_14.edgelist
==================================================

Summary for n_20/p_0.5/instance_14.edgelist:
Best TL: 18.0
Best run: 1
==================================================

==================================================
Processing n_20/p_0.5/instance_15.edgelist
==================================================

Summary for n_20/p_0.5/instance_15.edgelist:
Best TL: 17.0
Best run: 2
==================================================

==================================================
Processing n_20/p_0.5/instance_16.edgelist
==================================================

Summary for n_20/p_0.5/instance_16.edgelist:
Best TL: 17.0
Best run: 2
==================================================

==================================================
Processing n_20/p_0.5/instance_17.edgelist
==================================================

Summary for n_20/p_0.5/instance_17.edgelist:
Best TL: 20.0
Best run: 2
==================================================

==================================================
Processing n_20/p_0.5/instance_18.edgelist
==================================================

Summary for n_20/p_0.5/instance_18.edgelist:
Best TL: 23.0
Best run: 3
==================================================

==================================================
Processing n_20/p_0.5/instance_19.edgelist
==================================================

Summary for n_20/p_0.5/instance_19.edgelist:
Best TL: 20.0
Best run: 2
==================================================

==================================================
Processing n_20/p_0.5/instance_2.edgelist
==================================================

Summary for n_20/p_0.5/instance_2.edgelist:
Best TL: 21.0
Best run: 3
==================================================

==================================================
Processing n_20/p_0.5/instance_20.edgelist
==================================================

Summary for n_20/p_0.5/instance_20.edgelist:
Best TL: 23.0
Best run: 1
==================================================

==================================================
Processing n_20/p_0.5/instance_3.edgelist
==================================================

Summary for n_20/p_0.5/instance_3.edgelist:
Best TL: 25.0
Best run: 2
==================================================

==================================================
Processing n_20/p_0.5/instance_4.edgelist
==================================================

Summary for n_20/p_0.5/instance_4.edgelist:
Best TL: 20.0
Best run: 2
==================================================

==================================================
Processing n_20/p_0.5/instance_5.edgelist
==================================================

Summary for n_20/p_0.5/instance_5.edgelist:
Best TL: 23.0
Best run: 2
==================================================

==================================================
Processing n_20/p_0.5/instance_6.edgelist
==================================================

Summary for n_20/p_0.5/instance_6.edgelist:
Best TL: 17.0
Best run: 1
==================================================

==================================================
Processing n_20/p_0.5/instance_7.edgelist
==================================================

Summary for n_20/p_0.5/instance_7.edgelist:
Best TL: 18.0
Best run: 1
==================================================

==================================================
Processing n_20/p_0.5/instance_8.edgelist
==================================================

Summary for n_20/p_0.5/instance_8.edgelist:
Best TL: 19.0
Best run: 2
==================================================

==================================================
Processing n_20/p_0.5/instance_9.edgelist
==================================================

Summary for n_20/p_0.5/instance_9.edgelist:
Best TL: 23.0
Best run: 3
==================================================

==================================================
Processing n_20/p_0.9/instance_1.edgelist
==================================================

Summary for n_20/p_0.9/instance_1.edgelist:
Best TL: 51.0
Best run: 3
==================================================

==================================================
Processing n_20/p_0.9/instance_10.edgelist
==================================================

Summary for n_20/p_0.9/instance_10.edgelist:
Best TL: 52.0
Best run: 1
==================================================

==================================================
Processing n_20/p_0.9/instance_11.edgelist
==================================================

Summary for n_20/p_0.9/instance_11.edgelist:
Best TL: 48.0
Best run: 1
==================================================

==================================================
Processing n_20/p_0.9/instance_12.edgelist
==================================================

Summary for n_20/p_0.9/instance_12.edgelist:
Best TL: 45.0
Best run: 2
==================================================

==================================================
Processing n_20/p_0.9/instance_13.edgelist
==================================================

Summary for n_20/p_0.9/instance_13.edgelist:
Best TL: 48.0
Best run: 3
==================================================

==================================================
Processing n_20/p_0.9/instance_14.edgelist
==================================================

Summary for n_20/p_0.9/instance_14.edgelist:
Best TL: 49.0
Best run: 1
==================================================

==================================================
Processing n_20/p_0.9/instance_15.edgelist
==================================================

Summary for n_20/p_0.9/instance_15.edgelist:
Best TL: 44.0
Best run: 3
==================================================

==================================================
Processing n_20/p_0.9/instance_16.edgelist
==================================================

Summary for n_20/p_0.9/instance_16.edgelist:
Best TL: 49.0
Best run: 3
==================================================

==================================================
Processing n_20/p_0.9/instance_17.edgelist
==================================================

Summary for n_20/p_0.9/instance_17.edgelist:
Best TL: 44.0
Best run: 1
==================================================

==================================================
Processing n_20/p_0.9/instance_18.edgelist
==================================================

Summary for n_20/p_0.9/instance_18.edgelist:
Best TL: 36.0
Best run: 3
==================================================

==================================================
Processing n_20/p_0.9/instance_19.edgelist
==================================================

Summary for n_20/p_0.9/instance_19.edgelist:
Best TL: 45.0
Best run: 2
==================================================

==================================================
Processing n_20/p_0.9/instance_2.edgelist
==================================================

Summary for n_20/p_0.9/instance_2.edgelist:
Best TL: 48.0
Best run: 1
==================================================

==================================================
Processing n_20/p_0.9/instance_20.edgelist
==================================================

Summary for n_20/p_0.9/instance_20.edgelist:
Best TL: 44.0
Best run: 3
==================================================

==================================================
Processing n_20/p_0.9/instance_3.edgelist
==================================================

Summary for n_20/p_0.9/instance_3.edgelist:
Best TL: 41.0
Best run: 2
==================================================

==================================================
Processing n_20/p_0.9/instance_4.edgelist
==================================================

Summary for n_20/p_0.9/instance_4.edgelist:
Best TL: 48.0
Best run: 3
==================================================

==================================================
Processing n_20/p_0.9/instance_5.edgelist
==================================================

Summary for n_20/p_0.9/instance_5.edgelist:
Best TL: 44.0
Best run: 3
==================================================

==================================================
Processing n_20/p_0.9/instance_6.edgelist
==================================================

Summary for n_20/p_0.9/instance_6.edgelist:
Best TL: 44.0
Best run: 3
==================================================

==================================================
Processing n_20/p_0.9/instance_7.edgelist
==================================================

Summary for n_20/p_0.9/instance_7.edgelist:
Best TL: 44.0
Best run: 2
==================================================

==================================================
Processing n_20/p_0.9/instance_8.edgelist
==================================================

Summary for n_20/p_0.9/instance_8.edgelist:
Best TL: 45.0
Best run: 3
==================================================

==================================================
Processing n_20/p_0.9/instance_9.edgelist
==================================================

Summary for n_20/p_0.9/instance_9.edgelist:
Best TL: 48.0
Best run: 3
==================================================

==================================================
Processing n_250/p_0.1/instance_1.edgelist
==================================================

Summary for n_250/p_0.1/instance_1.edgelist:
Best TL: 1004.0
Best run: 2
==================================================

==================================================
Processing n_250/p_0.1/instance_10.edgelist
==================================================

Summary for n_250/p_0.1/instance_10.edgelist:
Best TL: 980.0
Best run: 1
==================================================

==================================================
Processing n_250/p_0.1/instance_11.edgelist
==================================================

Summary for n_250/p_0.1/instance_11.edgelist:
Best TL: 1029.0
Best run: 3
==================================================

==================================================
Processing n_250/p_0.1/instance_12.edgelist
==================================================

Summary for n_250/p_0.1/instance_12.edgelist:
Best TL: 970.0
Best run: 1
==================================================

==================================================
Processing n_250/p_0.1/instance_13.edgelist
==================================================

Summary for n_250/p_0.1/instance_13.edgelist:
Best TL: 965.0
Best run: 3
==================================================

==================================================
Processing n_250/p_0.1/instance_14.edgelist
==================================================

Summary for n_250/p_0.1/instance_14.edgelist:
Best TL: 1016.0
Best run: 3
==================================================

==================================================
Processing n_250/p_0.1/instance_15.edgelist
==================================================

Summary for n_250/p_0.1/instance_15.edgelist:
Best TL: 1023.0
Best run: 1
==================================================

==================================================
Processing n_250/p_0.1/instance_16.edgelist
==================================================

Summary for n_250/p_0.1/instance_16.edgelist:
Best TL: 991.0
Best run: 2
==================================================

==================================================
Processing n_250/p_0.1/instance_17.edgelist
==================================================

Summary for n_250/p_0.1/instance_17.edgelist:
Best TL: 950.0
Best run: 1
==================================================

==================================================
Processing n_250/p_0.1/instance_18.edgelist
==================================================

Summary for n_250/p_0.1/instance_18.edgelist:
Best TL: 983.0
Best run: 2
==================================================

==================================================
Processing n_250/p_0.1/instance_19.edgelist
==================================================

Summary for n_250/p_0.1/instance_19.edgelist:
Best TL: 966.0
Best run: 2
==================================================

==================================================
Processing n_250/p_0.1/instance_2.edgelist
==================================================

Summary for n_250/p_0.1/instance_2.edgelist:
Best TL: 978.0
Best run: 1
==================================================

==================================================
Processing n_250/p_0.1/instance_20.edgelist
==================================================

Summary for n_250/p_0.1/instance_20.edgelist:
Best TL: 964.0
Best run: 2
==================================================

==================================================
Processing n_250/p_0.1/instance_3.edgelist
==================================================

Summary for n_250/p_0.1/instance_3.edgelist:
Best TL: 1003.0
Best run: 3
==================================================

==================================================
Processing n_250/p_0.1/instance_4.edgelist
==================================================

Summary for n_250/p_0.1/instance_4.edgelist:
Best TL: 999.0
Best run: 3
==================================================

==================================================
Processing n_250/p_0.1/instance_5.edgelist
==================================================

Summary for n_250/p_0.1/instance_5.edgelist:
Best TL: 1043.0
Best run: 3
==================================================

==================================================
Processing n_250/p_0.1/instance_6.edgelist
==================================================

Summary for n_250/p_0.1/instance_6.edgelist:
Best TL: 1010.0
Best run: 2
==================================================

==================================================
Processing n_250/p_0.1/instance_7.edgelist
==================================================

Summary for n_250/p_0.1/instance_7.edgelist:
Best TL: 960.0
Best run: 3
==================================================

==================================================
Processing n_250/p_0.1/instance_8.edgelist
==================================================

Summary for n_250/p_0.1/instance_8.edgelist:
Best TL: 982.0
Best run: 2
==================================================

==================================================
Processing n_250/p_0.1/instance_9.edgelist
==================================================

Summary for n_250/p_0.1/instance_9.edgelist:
Best TL: 1010.0
Best run: 2
==================================================

==================================================
Processing n_250/p_0.5/instance_1.edgelist
==================================================

Summary for n_250/p_0.5/instance_1.edgelist:
Best TL: 6429.0
Best run: 3
==================================================

==================================================
Processing n_250/p_0.5/instance_10.edgelist
==================================================

Summary for n_250/p_0.5/instance_10.edgelist:
Best TL: 6523.0
Best run: 2
==================================================

==================================================
Processing n_250/p_0.5/instance_11.edgelist
==================================================

Summary for n_250/p_0.5/instance_11.edgelist:
Best TL: 6436.0
Best run: 3
==================================================

==================================================
Processing n_250/p_0.5/instance_12.edgelist
==================================================

Summary for n_250/p_0.5/instance_12.edgelist:
Best TL: 6409.0
Best run: 1
==================================================

==================================================
Processing n_250/p_0.5/instance_13.edgelist
==================================================

Summary for n_250/p_0.5/instance_13.edgelist:
Best TL: 6497.0
Best run: 2
==================================================

==================================================
Processing n_250/p_0.5/instance_14.edgelist
==================================================

Summary for n_250/p_0.5/instance_14.edgelist:
Best TL: 6388.0
Best run: 1
==================================================

==================================================
Processing n_250/p_0.5/instance_15.edgelist
==================================================

Summary for n_250/p_0.5/instance_15.edgelist:
Best TL: 6473.0
Best run: 1
==================================================

==================================================
Processing n_250/p_0.5/instance_16.edgelist
==================================================

Summary for n_250/p_0.5/instance_16.edgelist:
Best TL: 6476.0
Best run: 3
==================================================

==================================================
Processing n_250/p_0.5/instance_17.edgelist
==================================================

Summary for n_250/p_0.5/instance_17.edgelist:
Best TL: 6345.0
Best run: 3
==================================================

==================================================
Processing n_250/p_0.5/instance_18.edgelist
==================================================

Summary for n_250/p_0.5/instance_18.edgelist:
Best TL: 6412.0
Best run: 1
==================================================

==================================================
Processing n_250/p_0.5/instance_19.edgelist
==================================================

Summary for n_250/p_0.5/instance_19.edgelist:
Best TL: 6451.0
Best run: 3
==================================================

==================================================
Processing n_250/p_0.5/instance_2.edgelist
==================================================

Summary for n_250/p_0.5/instance_2.edgelist:
Best TL: 6480.0
Best run: 2
==================================================

==================================================
Processing n_250/p_0.5/instance_20.edgelist
==================================================

Summary for n_250/p_0.5/instance_20.edgelist:
Best TL: 6433.0
Best run: 1
==================================================

==================================================
Processing n_250/p_0.5/instance_3.edgelist
==================================================

Summary for n_250/p_0.5/instance_3.edgelist:
Best TL: 6444.0
Best run: 3
==================================================

==================================================
Processing n_250/p_0.5/instance_4.edgelist
==================================================

Summary for n_250/p_0.5/instance_4.edgelist:
Best TL: 6476.0
Best run: 2
==================================================

==================================================
Processing n_250/p_0.5/instance_5.edgelist
==================================================

Summary for n_250/p_0.5/instance_5.edgelist:
Best TL: 6616.0
Best run: 1
==================================================

==================================================
Processing n_250/p_0.5/instance_6.edgelist
==================================================

Summary for n_250/p_0.5/instance_6.edgelist:
Best TL: 6482.0
Best run: 2
==================================================

==================================================
Processing n_250/p_0.5/instance_7.edgelist
==================================================

Summary for n_250/p_0.5/instance_7.edgelist:
Best TL: 6454.0
Best run: 3
==================================================

==================================================
Processing n_250/p_0.5/instance_8.edgelist
==================================================

Summary for n_250/p_0.5/instance_8.edgelist:
Best TL: 6494.0
Best run: 1
==================================================

==================================================
Processing n_250/p_0.5/instance_9.edgelist
==================================================

Summary for n_250/p_0.5/instance_9.edgelist:
Best TL: 6478.0
Best run: 1
==================================================

==================================================
Processing n_250/p_0.9/instance_1.edgelist
==================================================

Summary for n_250/p_0.9/instance_1.edgelist:
Best TL: 12169.0
Best run: 2
==================================================

==================================================
Processing n_250/p_0.9/instance_10.edgelist
==================================================

Summary for n_250/p_0.9/instance_10.edgelist:
Best TL: 12202.0
Best run: 3
==================================================

==================================================
Processing n_250/p_0.9/instance_11.edgelist
==================================================

Summary for n_250/p_0.9/instance_11.edgelist:
Best TL: 12201.0
Best run: 1
==================================================

==================================================
Processing n_250/p_0.9/instance_12.edgelist
==================================================

Summary for n_250/p_0.9/instance_12.edgelist:
Best TL: 12242.0
Best run: 2
==================================================

==================================================
Processing n_250/p_0.9/instance_13.edgelist
==================================================

Summary for n_250/p_0.9/instance_13.edgelist:
Best TL: 12212.0
Best run: 1
==================================================

==================================================
Processing n_250/p_0.9/instance_14.edgelist
==================================================

Summary for n_250/p_0.9/instance_14.edgelist:
Best TL: 12167.0
Best run: 1
==================================================

==================================================
Processing n_250/p_0.9/instance_15.edgelist
==================================================

Summary for n_250/p_0.9/instance_15.edgelist:
Best TL: 12184.0
Best run: 1
==================================================

==================================================
Processing n_250/p_0.9/instance_16.edgelist
==================================================

Summary for n_250/p_0.9/instance_16.edgelist:
Best TL: 12211.0
Best run: 1
==================================================

==================================================
Processing n_250/p_0.9/instance_17.edgelist
==================================================

Summary for n_250/p_0.9/instance_17.edgelist:
Best TL: 12238.0
Best run: 2
==================================================

==================================================
Processing n_250/p_0.9/instance_18.edgelist
==================================================

Summary for n_250/p_0.9/instance_18.edgelist:
Best TL: 12141.0
Best run: 2
==================================================

==================================================
Processing n_250/p_0.9/instance_19.edgelist
==================================================

Summary for n_250/p_0.9/instance_19.edgelist:
Best TL: 12209.0
Best run: 3
==================================================

==================================================
Processing n_250/p_0.9/instance_2.edgelist
==================================================

Summary for n_250/p_0.9/instance_2.edgelist:
Best TL: 12176.0
Best run: 1
==================================================

==================================================
Processing n_250/p_0.9/instance_20.edgelist
==================================================

Summary for n_250/p_0.9/instance_20.edgelist:
Best TL: 12151.0
Best run: 2
==================================================

==================================================
Processing n_250/p_0.9/instance_3.edgelist
==================================================

Summary for n_250/p_0.9/instance_3.edgelist:
Best TL: 12206.0
Best run: 3
==================================================

==================================================
Processing n_250/p_0.9/instance_4.edgelist
==================================================

Summary for n_250/p_0.9/instance_4.edgelist:
Best TL: 12209.0
Best run: 3
==================================================

==================================================
Processing n_250/p_0.9/instance_5.edgelist
==================================================

Summary for n_250/p_0.9/instance_5.edgelist:
Best TL: 12257.0
Best run: 2
==================================================

==================================================
Processing n_250/p_0.9/instance_6.edgelist
==================================================

Summary for n_250/p_0.9/instance_6.edgelist:
Best TL: 12185.0
Best run: 3
==================================================

==================================================
Processing n_250/p_0.9/instance_7.edgelist
==================================================

Summary for n_250/p_0.9/instance_7.edgelist:
Best TL: 12236.0
Best run: 3
==================================================

==================================================
Processing n_250/p_0.9/instance_8.edgelist
==================================================

Summary for n_250/p_0.9/instance_8.edgelist:
Best TL: 12184.0
Best run: 3
==================================================

==================================================
Processing n_250/p_0.9/instance_9.edgelist
==================================================

Summary for n_250/p_0.9/instance_9.edgelist:
Best TL: 12193.0
Best run: 2
==================================================

==================================================
Processing n_50/p_0.1/instance_1.edgelist
==================================================

Summary for n_50/p_0.1/instance_1.edgelist:
Best TL: 14.0
Best run: 2
==================================================

==================================================
Processing n_50/p_0.1/instance_10.edgelist
==================================================

Summary for n_50/p_0.1/instance_10.edgelist:
Best TL: 11.0
Best run: 3
==================================================

==================================================
Processing n_50/p_0.1/instance_11.edgelist
==================================================

Summary for n_50/p_0.1/instance_11.edgelist:
Best TL: 6.0
Best run: 1
==================================================

==================================================
Processing n_50/p_0.1/instance_12.edgelist
==================================================

Summary for n_50/p_0.1/instance_12.edgelist:
Best TL: 17.0
Best run: 2
==================================================

==================================================
Processing n_50/p_0.1/instance_13.edgelist
==================================================

Summary for n_50/p_0.1/instance_13.edgelist:
Best TL: 24.0
Best run: 1
==================================================

==================================================
Processing n_50/p_0.1/instance_14.edgelist
==================================================

Summary for n_50/p_0.1/instance_14.edgelist:
Best TL: 23.0
Best run: 2
==================================================

==================================================
Processing n_50/p_0.1/instance_15.edgelist
==================================================

Summary for n_50/p_0.1/instance_15.edgelist:
Best TL: 19.0
Best run: 1
==================================================

==================================================
Processing n_50/p_0.1/instance_16.edgelist
==================================================

Summary for n_50/p_0.1/instance_16.edgelist:
Best TL: 14.0
Best run: 3
==================================================

==================================================
Processing n_50/p_0.1/instance_17.edgelist
==================================================

Summary for n_50/p_0.1/instance_17.edgelist:
Best TL: 19.0
Best run: 1
==================================================

==================================================
Processing n_50/p_0.1/instance_18.edgelist
==================================================

Summary for n_50/p_0.1/instance_18.edgelist:
Best TL: 17.0
Best run: 1
==================================================

==================================================
Processing n_50/p_0.1/instance_19.edgelist
==================================================

Summary for n_50/p_0.1/instance_19.edgelist:
Best TL: 12.0
Best run: 1
==================================================

==================================================
Processing n_50/p_0.1/instance_2.edgelist
==================================================

Summary for n_50/p_0.1/instance_2.edgelist:
Best TL: 18.0
Best run: 1
==================================================

==================================================
Processing n_50/p_0.1/instance_20.edgelist
==================================================

Summary for n_50/p_0.1/instance_20.edgelist:
Best TL: 17.0
Best run: 3
==================================================

==================================================
Processing n_50/p_0.1/instance_3.edgelist
==================================================

Summary for n_50/p_0.1/instance_3.edgelist:
Best TL: 16.0
Best run: 2
==================================================

==================================================
Processing n_50/p_0.1/instance_4.edgelist
==================================================

Summary for n_50/p_0.1/instance_4.edgelist:
Best TL: 15.0
Best run: 1
==================================================

==================================================
Processing n_50/p_0.1/instance_5.edgelist
==================================================

Summary for n_50/p_0.1/instance_5.edgelist:
Best TL: 15.0
Best run: 2
==================================================

==================================================
Processing n_50/p_0.1/instance_6.edgelist
==================================================

Summary for n_50/p_0.1/instance_6.edgelist:
Best TL: 21.0
Best run: 2
==================================================

==================================================
Processing n_50/p_0.1/instance_7.edgelist
==================================================

Summary for n_50/p_0.1/instance_7.edgelist:
Best TL: 16.0
Best run: 2
==================================================

==================================================
Processing n_50/p_0.1/instance_8.edgelist
==================================================

Summary for n_50/p_0.1/instance_8.edgelist:
Best TL: 14.0
Best run: 1
==================================================

==================================================
Processing n_50/p_0.1/instance_9.edgelist
==================================================

Summary for n_50/p_0.1/instance_9.edgelist:
Best TL: 12.0
Best run: 1
==================================================

==================================================
Processing n_50/p_0.5/instance_1.edgelist
==================================================

Summary for n_50/p_0.5/instance_1.edgelist:
Best TL: 174.0
Best run: 1
==================================================

==================================================
Processing n_50/p_0.5/instance_10.edgelist
==================================================

Summary for n_50/p_0.5/instance_10.edgelist:
Best TL: 210.0
Best run: 1
==================================================

==================================================
Processing n_50/p_0.5/instance_11.edgelist
==================================================

Summary for n_50/p_0.5/instance_11.edgelist:
Best TL: 194.0
Best run: 2
==================================================

==================================================
Processing n_50/p_0.5/instance_12.edgelist
==================================================

Summary for n_50/p_0.5/instance_12.edgelist:
Best TL: 179.0
Best run: 3
==================================================

==================================================
Processing n_50/p_0.5/instance_13.edgelist
==================================================

Summary for n_50/p_0.5/instance_13.edgelist:
Best TL: 192.0
Best run: 3
==================================================

==================================================
Processing n_50/p_0.5/instance_14.edgelist
==================================================

Summary for n_50/p_0.5/instance_14.edgelist:
Best TL: 185.0
Best run: 2
==================================================

==================================================
Processing n_50/p_0.5/instance_15.edgelist
==================================================

Summary for n_50/p_0.5/instance_15.edgelist:
Best TL: 197.0
Best run: 1
==================================================

==================================================
Processing n_50/p_0.5/instance_16.edgelist
==================================================

Summary for n_50/p_0.5/instance_16.edgelist:
Best TL: 180.0
Best run: 2
==================================================

==================================================
Processing n_50/p_0.5/instance_17.edgelist
==================================================

Summary for n_50/p_0.5/instance_17.edgelist:
Best TL: 190.0
Best run: 3
==================================================

==================================================
Processing n_50/p_0.5/instance_18.edgelist
==================================================

Summary for n_50/p_0.5/instance_18.edgelist:
Best TL: 191.0
Best run: 1
==================================================

==================================================
Processing n_50/p_0.5/instance_19.edgelist
==================================================

Summary for n_50/p_0.5/instance_19.edgelist:
Best TL: 191.0
Best run: 1
==================================================

==================================================
Processing n_50/p_0.5/instance_2.edgelist
==================================================

Summary for n_50/p_0.5/instance_2.edgelist:
Best TL: 172.0
Best run: 1
==================================================

==================================================
Processing n_50/p_0.5/instance_20.edgelist
==================================================

Summary for n_50/p_0.5/instance_20.edgelist:
Best TL: 184.0
Best run: 1
==================================================

==================================================
Processing n_50/p_0.5/instance_3.edgelist
==================================================

Summary for n_50/p_0.5/instance_3.edgelist:
Best TL: 188.0
Best run: 2
==================================================

==================================================
Processing n_50/p_0.5/instance_4.edgelist
==================================================

Summary for n_50/p_0.5/instance_4.edgelist:
Best TL: 189.0
Best run: 1
==================================================

==================================================
Processing n_50/p_0.5/instance_5.edgelist
==================================================

Summary for n_50/p_0.5/instance_5.edgelist:
Best TL: 181.0
Best run: 3
==================================================

==================================================
Processing n_50/p_0.5/instance_6.edgelist
==================================================

Summary for n_50/p_0.5/instance_6.edgelist:
Best TL: 190.0
Best run: 1
==================================================

==================================================
Processing n_50/p_0.5/instance_7.edgelist
==================================================

Summary for n_50/p_0.5/instance_7.edgelist:
Best TL: 169.0
Best run: 1
==================================================

==================================================
Processing n_50/p_0.5/instance_8.edgelist
==================================================

Summary for n_50/p_0.5/instance_8.edgelist:
Best TL: 174.0
Best run: 1
==================================================

==================================================
Processing n_50/p_0.5/instance_9.edgelist
==================================================

Summary for n_50/p_0.5/instance_9.edgelist:
Best TL: 195.0
Best run: 2
==================================================

==================================================
Processing n_50/p_0.9/instance_1.edgelist
==================================================

Summary for n_50/p_0.9/instance_1.edgelist:
Best TL: 383.0
Best run: 3
==================================================

==================================================
Processing n_50/p_0.9/instance_10.edgelist
==================================================

Summary for n_50/p_0.9/instance_10.edgelist:
Best TL: 397.0
Best run: 3
==================================================

==================================================
Processing n_50/p_0.9/instance_11.edgelist
==================================================

Summary for n_50/p_0.9/instance_11.edgelist:
Best TL: 379.0
Best run: 1
==================================================

==================================================
Processing n_50/p_0.9/instance_12.edgelist
==================================================

Summary for n_50/p_0.9/instance_12.edgelist:
Best TL: 398.0
Best run: 2
==================================================

==================================================
Processing n_50/p_0.9/instance_13.edgelist
==================================================

Summary for n_50/p_0.9/instance_13.edgelist:
Best TL: 397.0
Best run: 1
==================================================

==================================================
Processing n_50/p_0.9/instance_14.edgelist
==================================================

Summary for n_50/p_0.9/instance_14.edgelist:
Best TL: 396.0
Best run: 1
==================================================

==================================================
Processing n_50/p_0.9/instance_15.edgelist
==================================================

Summary for n_50/p_0.9/instance_15.edgelist:
Best TL: 392.0
Best run: 3
==================================================

==================================================
Processing n_50/p_0.9/instance_16.edgelist
==================================================

Summary for n_50/p_0.9/instance_16.edgelist:
Best TL: 377.0
Best run: 1
==================================================

==================================================
Processing n_50/p_0.9/instance_17.edgelist
==================================================

Summary for n_50/p_0.9/instance_17.edgelist:
Best TL: 397.0
Best run: 1
==================================================

==================================================
Processing n_50/p_0.9/instance_18.edgelist
==================================================

Summary for n_50/p_0.9/instance_18.edgelist:
Best TL: 388.0
Best run: 2
==================================================

==================================================
Processing n_50/p_0.9/instance_19.edgelist
==================================================

Summary for n_50/p_0.9/instance_19.edgelist:
Best TL: 387.0
Best run: 3
==================================================

==================================================
Processing n_50/p_0.9/instance_2.edgelist
==================================================

Summary for n_50/p_0.9/instance_2.edgelist:
Best TL: 381.0
Best run: 1
==================================================

==================================================
Processing n_50/p_0.9/instance_20.edgelist
==================================================

Summary for n_50/p_0.9/instance_20.edgelist:
Best TL: 384.0
Best run: 2
==================================================

==================================================
Processing n_50/p_0.9/instance_3.edgelist
==================================================

Summary for n_50/p_0.9/instance_3.edgelist:
Best TL: 404.0
Best run: 2
==================================================

==================================================
Processing n_50/p_0.9/instance_4.edgelist
==================================================

Summary for n_50/p_0.9/instance_4.edgelist:
Best TL: 368.0
Best run: 2
==================================================

==================================================
Processing n_50/p_0.9/instance_5.edgelist
==================================================

Summary for n_50/p_0.9/instance_5.edgelist:
Best TL: 399.0
Best run: 3
==================================================

==================================================
Processing n_50/p_0.9/instance_6.edgelist
==================================================

Summary for n_50/p_0.9/instance_6.edgelist:
Best TL: 391.0
Best run: 3
==================================================

==================================================
Processing n_50/p_0.9/instance_7.edgelist
==================================================

Summary for n_50/p_0.9/instance_7.edgelist:
Best TL: 383.0
Best run: 2
==================================================

==================================================
Processing n_50/p_0.9/instance_8.edgelist
==================================================

Summary for n_50/p_0.9/instance_8.edgelist:
Best TL: 392.0
Best run: 1
==================================================

==================================================
Processing n_50/p_0.9/instance_9.edgelist
==================================================

Summary for n_50/p_0.9/instance_9.edgelist:
Best TL: 384.0
Best run: 1
==================================================
