Training Log - 2025-05-14 00:27:35.155668
Parameters: dataset=synthetic, lr=0.001, alg=gd+k+20, device_idx=0


==================================================
Processing qap_n20_d0.90_id352.dat
==================================================

Summary for qap_n20_d0.90_id352.dat:
Best TL: 2534066.0
Best run: 3
==================================================

==================================================
Processing qap_n20_d0.90_id49.dat
==================================================

Summary for qap_n20_d0.90_id49.dat:
Best TL: 2672566.0
Best run: 3
==================================================

==================================================
Processing qap_n20_d0.90_id158.dat
==================================================

Summary for qap_n20_d0.90_id158.dat:
Best TL: 2743318.0
Best run: 3
==================================================

==================================================
Processing qap_n20_d0.90_id384.dat
==================================================

Summary for qap_n20_d0.90_id384.dat:
Best TL: 2910116.0
Best run: 3
==================================================

==================================================
Processing qap_n20_d0.90_id124.dat
==================================================

Summary for qap_n20_d0.90_id124.dat:
Best TL: 2719500.0
Best run: 3
==================================================
