Training Log - 2025-05-14 00:15:53.403529
Parameters: dataset=synthetic, lr=0.001, alg=gd+k+20, device_idx=0


==================================================
Processing qap_n20_d0.90_id352.dat
==================================================

Summary for qap_n20_d0.90_id352.dat:
Best TL: 2516446.0
Best run: 3
==================================================

==================================================
Processing qap_n20_d0.90_id49.dat
==================================================

Summary for qap_n20_d0.90_id49.dat:
Best TL: 2644558.0
Best run: 3
==================================================

==================================================
Processing qap_n20_d0.90_id158.dat
==================================================

Summary for qap_n20_d0.90_id158.dat:
Best TL: 2728350.0
Best run: 3
==================================================

==================================================
Processing qap_n20_d0.90_id384.dat
==================================================

Summary for qap_n20_d0.90_id384.dat:
Best TL: 2861112.0
Best run: 3
==================================================

==================================================
Processing qap_n20_d0.90_id124.dat
==================================================

Summary for qap_n20_d0.90_id124.dat:
Best TL: 2699010.0
Best run: 3
==================================================
